Build started 8/18/2019 12:57:06 PM.
     1>Project "C:\Users\Silas Grossberndt\Documents\Visual Studio 2015\Projects\Lagrangian_solving\Lagrangian_solving\Lagrangian_solving.vcxproj" on node 2 (Build target(s)).
     1>ClCompile:
         C:\Program Files (x86)\Microsoft Visual Studio 14.0\VC\bin\CL.exe /c /ZI /nologo /W3 /WX- /sdl /Od /Oy- /D WIN32 /D _DEBUG /D _CONSOLE /D _UNICODE /D UNICODE /Gm /EHsc /RTC1 /MDd /GS /fp:precise /Zc:wchar_t /Zc:forScope /Zc:inline /Yu"stdafx.h" /Fp"Debug\Lagrangian_solving.pch" /Fo"Debug\\" /Fd"Debug\vc140.pdb" /Gd /TP /analyze- /errorReport:prompt Lagrangian_solving.cpp
         Lagrangian_solving.cpp
     1>c:\users\silas grossberndt\documents\visual studio 2015\projects\lagrangian_solving\calc.h(13): error C2039: 'symbolic_function': is not a member of 'Functions'
         c:\users\silas grossberndt\documents\visual studio 2015\projects\lagrangian_solving\func.h(10): note: see declaration of 'Functions'
     1>c:\users\silas grossberndt\documents\visual studio 2015\projects\lagrangian_solving\calc.h(13): error C2061: syntax error: identifier 'symbolic_function'
     1>c:\users\silas grossberndt\documents\visual studio 2015\projects\lagrangian_solving\calc.h(15): error C2039: 'symbolic_function': is not a member of 'Functions'
         c:\users\silas grossberndt\documents\visual studio 2015\projects\lagrangian_solving\func.h(10): note: see declaration of 'Functions'
     1>c:\users\silas grossberndt\documents\visual studio 2015\projects\lagrangian_solving\calc.h(15): error C3646: 'find_solutions': unknown override specifier
     1>c:\users\silas grossberndt\documents\visual studio 2015\projects\lagrangian_solving\calc.h(15): error C2059: syntax error: '('
         c:\users\silas grossberndt\documents\visual studio 2015\projects\lagrangian_solving\func.h(10): note: see declaration of 'Functions'
         c:\users\silas grossberndt\documents\visual studio 2015\projects\lagrangian_solving\func.h(10): note: see declaration of 'Functions'
     1>c:\users\silas grossberndt\documents\visual studio 2015\projects\lagrangian_solving\calc.h(15): error C2238: unexpected token(s) preceding ';'
     1>c:\users\silas grossberndt\documents\visual studio 2015\projects\lagrangian_solving\calc.h(18): error C2039: 'symbolic_function': is not a member of 'Functions'
         c:\users\silas grossberndt\documents\visual studio 2015\projects\lagrangian_solving\func.h(10): note: see declaration of 'Functions'
     1>c:\users\silas grossberndt\documents\visual studio 2015\projects\lagrangian_solving\calc.h(18): error C2061: syntax error: identifier 'symbolic_function'
     1>c:\users\silas grossberndt\documents\visual studio 2015\projects\lagrangian_solving\calc.h(29): error C2143: syntax error: missing ';' before '}'
     1>c:\users\silas grossberndt\documents\visual studio 2015\projects\lagrangian_solving\lagrangian_solving\lagrangian_solving.cpp(8): fatal error C1083: Cannot open include file: 'TH1.h': No such file or directory
     1>Done Building Project "C:\Users\Silas Grossberndt\Documents\Visual Studio 2015\Projects\Lagrangian_solving\Lagrangian_solving\Lagrangian_solving.vcxproj" (Build target(s)) -- FAILED.

Build FAILED.

Time Elapsed 00:00:01.12
